# JRE version: OpenJDK Runtime Environment (17.0.7) (build 17.0.7+0-b2043.56-10550314)
# Java VM: OpenJDK 64-Bit Server VM (17.0.7+0-b2043.56-10550314, mixed mode, tiered, compressed oops, compressed class ptrs, g1 gc, windows-amd64)
GC Precious Log:
 CPUs: 8 total, 8 available
 Memory: 16227M
 Large Page Support: Disabled
 NUMA Support: Disabled
 Compressed Oops: Enabled (32-bit)
 Heap Region Size: 1M
 Heap Min Capacity: 8M
 Heap Initial Capacity: 254M
 Heap Max Capacity: 2G
 Pre-touch: Disabled
 Parallel Workers: 8
 Concurrent Workers: 2
 Concurrent Refinement Workers: 8
 Periodic GC: Disabled
Heap:
 garbage-first heap   total 276480K, used 125603K [0x0000000080000000, 0x0000000100000000)
  region size 1024K, 7 young (7168K), 7 survivors (7168K)
 Metaspace       used 127877K, committed 129088K, reserved 1179648K
  class space    used 17315K, committed 17856K, reserved 1048576K
GC Heap History (20 events):
Event: 2344.205 GC heap after
{Heap after GC invocations=88 (full 0):
 garbage-first heap   total 268288K, used 121925K [0x0000000080000000, 0x0000000100000000)
  region size 1024K, 2 young (2048K), 2 survivors (2048K)
 Metaspace       used 125253K, committed 126144K, reserved 1179648K
  class space    used 17070K, committed 17472K, reserved 1048576K
}
Event: 2345.696 GC heap before
{Heap before GC invocations=88 (full 0):
 garbage-first heap   total 268288K, used 185413K [0x0000000080000000, 0x0000000100000000)
  region size 1024K, 66 young (67584K), 2 survivors (2048K)
 Metaspace       used 125592K, committed 126464K, reserved 1179648K
  class space    used 17072K, committed 17472K, reserved 1048576K
}
Event: 2345.705 GC heap after
{Heap after GC invocations=89 (full 0):
 garbage-first heap   total 268288K, used 126201K [0x0000000080000000, 0x0000000100000000)
  region size 1024K, 6 young (6144K), 6 survivors (6144K)
 Metaspace       used 125592K, committed 126464K, reserved 1179648K
  class space    used 17072K, committed 17472K, reserved 1048576K
}
Event: 2561.813 GC heap before
{Heap before GC invocations=90 (full 0):
 garbage-first heap   total 275456K, used 246009K [0x0000000080000000, 0x0000000100000000)
  region size 1024K, 87 young (89088K), 6 survivors (6144K)
 Metaspace       used 125914K, committed 126848K, reserved 1179648K
  class space    used 17086K, committed 17536K, reserved 1048576K
}
Event: 2561.866 GC heap after
{Heap after GC invocations=91 (full 0):
 garbage-first heap   total 275456K, used 133596K [0x0000000080000000, 0x0000000100000000)
  region size 1024K, 11 young (11264K), 11 survivors (11264K)
 Metaspace       used 125914K, committed 126848K, reserved 1179648K
  class space    used 17086K, committed 17536K, reserved 1048576K
}
Event: 2562.001 GC heap before
{Heap before GC invocations=91 (full 0):
 garbage-first heap   total 275456K, used 135644K [0x0000000080000000, 0x0000000100000000)
  region size 1024K, 13 young (13312K), 11 survivors (11264K)
 Metaspace       used 125914K, committed 126848K, reserved 1179648K
  class space    used 17086K, committed 17536K, reserved 1048576K
}
Event: 2562.046 GC heap after
{Heap after GC invocations=92 (full 0):
 garbage-first heap   total 275456K, used 124920K [0x0000000080000000, 0x0000000100000000)
  region size 1024K, 1 young (1024K), 1 survivors (1024K)
 Metaspace       used 125914K, committed 126848K, reserved 1179648K
  class space    used 17086K, committed 17536K, reserved 1048576K
}
Event: 3287.347 GC heap before
{Heap before GC invocations=92 (full 0):
 garbage-first heap   total 275456K, used 214008K [0x0000000080000000, 0x0000000100000000)
  region size 1024K, 88 young (90112K), 1 survivors (1024K)
 Metaspace       used 126412K, committed 127360K, reserved 1179648K
  class space    used 17158K, committed 17600K, reserved 1048576K
}
Event: 3287.529 GC heap after
{Heap after GC invocations=93 (full 0):
 garbage-first heap   total 275456K, used 133980K [0x0000000080000000, 0x0000000100000000)
  region size 1024K, 10 young (10240K), 10 survivors (10240K)
 Metaspace       used 126412K, committed 127360K, reserved 1179648K
  class space    used 17158K, committed 17600K, reserved 1048576K
}
Event: 3291.447 GC heap before
{Heap before GC invocations=94 (full 0):
 garbage-first heap   total 275456K, used 218972K [0x0000000080000000, 0x0000000100000000)
  region size 1024K, 91 young (93184K), 10 survivors (10240K)
 Metaspace       used 126772K, committed 127680K, reserved 1179648K
  class space    used 17159K, committed 17600K, reserved 1048576K
}
Event: 3291.484 GC heap after
{Heap after GC invocations=95 (full 0):
 garbage-first heap   total 275456K, used 141768K [0x0000000080000000, 0x0000000100000000)
  region size 1024K, 7 young (7168K), 7 survivors (7168K)
 Metaspace       used 126772K, committed 127680K, reserved 1179648K
  class space    used 17159K, committed 17600K, reserved 1048576K
}
Event: 3291.685 GC heap before
{Heap before GC invocations=95 (full 0):
 garbage-first heap   total 275456K, used 147912K [0x0000000080000000, 0x0000000100000000)
  region size 1024K, 13 young (13312K), 7 survivors (7168K)
 Metaspace       used 126782K, committed 127680K, reserved 1179648K
  class space    used 17159K, committed 17600K, reserved 1048576K
}
Event: 3291.717 GC heap after
{Heap after GC invocations=96 (full 0):
 garbage-first heap   total 275456K, used 119113K [0x0000000080000000, 0x0000000100000000)
  region size 1024K, 2 young (2048K), 2 survivors (2048K)
 Metaspace       used 126782K, committed 127680K, reserved 1179648K
  class space    used 17159K, committed 17600K, reserved 1048576K
}
Event: 3293.200 GC heap before
{Heap before GC invocations=96 (full 0):
 garbage-first heap   total 275456K, used 152905K [0x0000000080000000, 0x0000000100000000)
  region size 1024K, 37 young (37888K), 2 survivors (2048K)
 Metaspace       used 126952K, committed 127936K, reserved 1179648K
  class space    used 17163K, committed 17600K, reserved 1048576K
}
Event: 3293.205 GC heap after
{Heap after GC invocations=97 (full 0):
 garbage-first heap   total 275456K, used 118974K [0x0000000080000000, 0x0000000100000000)
  region size 1024K, 2 young (2048K), 2 survivors (2048K)
 Metaspace       used 126952K, committed 127936K, reserved 1179648K
  class space    used 17163K, committed 17600K, reserved 1048576K
}
Event: 3522.873 GC heap before
{Heap before GC invocations=98 (full 0):
 garbage-first heap   total 275456K, used 257214K [0x0000000080000000, 0x0000000100000000)
  region size 1024K, 97 young (99328K), 2 survivors (2048K)
 Metaspace       used 127569K, committed 128704K, reserved 1179648K
  class space    used 17279K, committed 17792K, reserved 1048576K
}
Event: 3522.956 GC heap after
{Heap after GC invocations=99 (full 0):
 garbage-first heap   total 276480K, used 135797K [0x0000000080000000, 0x0000000100000000)
  region size 1024K, 13 young (13312K), 13 survivors (13312K)
 Metaspace       used 127569K, committed 128704K, reserved 1179648K
  class space    used 17279K, committed 17792K, reserved 1048576K
}
Event: 3522.989 GC heap before
{Heap before GC invocations=99 (full 0):
 garbage-first heap   total 276480K, used 136821K [0x0000000080000000, 0x0000000100000000)
  region size 1024K, 14 young (14336K), 13 survivors (13312K)
 Metaspace       used 127569K, committed 128704K, reserved 1179648K
  class space    used 17279K, committed 17792K, reserved 1048576K
}
Event: 3523.079 GC heap after
{Heap after GC invocations=100 (full 0):
 garbage-first heap   total 276480K, used 119937K [0x0000000080000000, 0x0000000100000000)
  region size 1024K, 1 young (1024K), 1 survivors (1024K)
 Metaspace       used 127569K, committed 128704K, reserved 1179648K
  class space    used 17279K, committed 17792K, reserved 1048576K
}
Event: 3524.365 GC heap before
{Heap before GC invocations=100 (full 0):
 garbage-first heap   total 276480K, used 183425K [0x0000000080000000, 0x0000000100000000)
  region size 1024K, 65 young (66560K), 1 survivors (1024K)
 Metaspace       used 127877K, committed 129088K, reserved 1179648K
  class space    used 17315K, committed 17856K, reserved 1048576K
}

